<?xml version="1.0" encoding="UTF-8"?>
<!-- Generated by org.testng.reporters.JUnitReportReporter -->
<testsuite hostname="DESKTOP-H3PUHDU" failures="0" tests="1" name="tests.CartTests" time="29.159" errors="0" timestamp="2025-05-25T10:48:15 IST" skipped="0">
  <testcase classname="tests.CartTests" name="testValidateCartDetails" time="29.159"/>
</testsuite> <!-- tests.CartTests -->
